<?xml version="1.0" encoding="UTF-8"?>
<testsuite name="OperationServiceTest" tests="7" skipped="0" failures="0" errors="0" timestamp="2022-03-18T03:05:09" hostname="DESKTOP-21TCUN6" time="0.046">
  <properties/>
  <testcase name="checkRoleTest()" classname="OperationServiceTest" time="0.027"/>
  <testcase name="addRoleTest()" classname="OperationServiceTest" time="0.002"/>
  <testcase name="getAllRoleTest()" classname="OperationServiceTest" time="0.002"/>
  <testcase name="createRoleTest()" classname="OperationServiceTest" time="0.006"/>
  <testcase name="createUserTest()" classname="OperationServiceTest" time="0.002"/>
  <testcase name="deleteRoleTest()" classname="OperationServiceTest" time="0.001"/>
  <testcase name="deleteUserTest()" classname="OperationServiceTest" time="0.001"/>
  <system-out><![CDATA[]]></system-out>
  <system-err><![CDATA[]]></system-err>
</testsuite>
